0 info it worked if it ends with ok
1 verbose cli [ '/usr/local/Cellar/node/7.7.2/bin/node',
1 verbose cli   '/usr/local/bin/npm',
1 verbose cli   'start' ]
2 info using npm@4.1.2
3 info using node@v7.7.2
4 verbose run-script [ 'prestart', 'start', 'poststart' ]
5 info lifecycle rendering_data_with_ajax@0.0.0~prestart: rendering_data_with_ajax@0.0.0
6 silly lifecycle rendering_data_with_ajax@0.0.0~prestart: no script for prestart, continuing
7 info lifecycle rendering_data_with_ajax@0.0.0~start: rendering_data_with_ajax@0.0.0
8 verbose lifecycle rendering_data_with_ajax@0.0.0~start: unsafe-perm in lifecycle true
9 verbose lifecycle rendering_data_with_ajax@0.0.0~start: PATH: /usr/local/lib/node_modules/npm/bin/node-gyp-bin:/Users/tiffany/resources/LAUNCH_SCHOOL/LS_220/lesson9/photo_solution/node_modules/.bin:/Library/Frameworks/Python.framework/Versions/2.7/bin:/usr/local/heroku/bin:/Users/tiffany/.rbenv/bin:/Users/tiffany/.rbenv/shims:/usr/local/bin:/usr/bin:/bin:/usr/sbin:/sbin:/opt/ImageMagick/bin:/Applications/Sublime Text.app/Contents/SharedSupport/bin/subl
10 verbose lifecycle rendering_data_with_ajax@0.0.0~start: CWD: /Users/tiffany/resources/LAUNCH_SCHOOL/LS_220/lesson9/photo_solution
11 silly lifecycle rendering_data_with_ajax@0.0.0~start: Args: [ '-c', 'nodemon ./bin/www' ]
12 info lifecycle rendering_data_with_ajax@0.0.0~start: Failed to exec start script
13 verbose stack Error: rendering_data_with_ajax@0.0.0 start: `nodemon ./bin/www`
13 verbose stack spawn ENOENT
13 verbose stack     at ChildProcess.<anonymous> (/usr/local/lib/node_modules/npm/lib/utils/spawn.js:33:16)
13 verbose stack     at emitTwo (events.js:106:13)
13 verbose stack     at ChildProcess.emit (events.js:194:7)
13 verbose stack     at maybeClose (internal/child_process.js:899:16)
13 verbose stack     at Process.ChildProcess._handle.onexit (internal/child_process.js:226:5)
14 verbose pkgid rendering_data_with_ajax@0.0.0
15 verbose cwd /Users/tiffany/resources/LAUNCH_SCHOOL/LS_220/lesson9/photo_solution
16 error Darwin 16.5.0
17 error argv "/usr/local/Cellar/node/7.7.2/bin/node" "/usr/local/bin/npm" "start"
18 error node v7.7.2
19 error npm  v4.1.2
20 error file sh
21 error code ELIFECYCLE
22 error errno ENOENT
23 error syscall spawn
24 error rendering_data_with_ajax@0.0.0 start: `nodemon ./bin/www`
24 error spawn ENOENT
25 error Failed at the rendering_data_with_ajax@0.0.0 start script 'nodemon ./bin/www'.
25 error Make sure you have the latest version of node.js and npm installed.
25 error If you do, this is most likely a problem with the rendering_data_with_ajax package,
25 error not with npm itself.
25 error Tell the author that this fails on your system:
25 error     nodemon ./bin/www
25 error You can get information on how to open an issue for this project with:
25 error     npm bugs rendering_data_with_ajax
25 error Or if that isn't available, you can get their info via:
25 error     npm owner ls rendering_data_with_ajax
25 error There is likely additional logging output above.
26 verbose exit [ 1, true ]
